Send:  -1, A2NetClient_Request
  ET.MessageQueue.Send (ET.Address fromAddress, ET.ActorId actorId, ET.MessageObject messageObject) [0x00025]
D:\Workspace\Projects\Course_ET\Unity\Assets\Scripts\Core\World\Module\Actor\MessageQueue.cs:36 
  ET.ProcessInnerSenderSystem.SendInner (ET.ProcessInnerSender self, ET.ActorId actorId, ET.MessageObject message) [0x00046]
D:\Workspace\Projects\Course_ET\Unity\Assets\Scripts\Core\Fiber\Module\Actor\ProcessInnerSenderSystem.cs:109 
  ET.ProcessInnerSenderSystem.Call (ET.ProcessInnerSender self, ET.ActorId actorId, ET.IRequest request, System.Boolean needException) [0x0012d]
D:\Workspace\Projects\Course_ET\Unity\Assets\Scripts\Core\Fiber\Module\Actor\ProcessInnerSenderSystem.cs:141 
  ET.ETAsyncTaskMethodBuilder`1[T].Start[TStateMachine] (TStateMachine& stateMachine) [0x00001]
D:\Workspace\Projects\Course_ET\Unity\Assets\Scripts\ThirdParty\ETTask\AsyncETTaskMethodBuilder.cs:144 
  at ET.ProcessInnerSenderSystem.Call (ET.ProcessInnerSender self, ET.ActorId actorId, ET.IRequest request, System.Boolean needException) [0x00000] in <28f027de95d04cb1ae13fe1bf7869334>:0 
  ET.Client.ClientSenderComponentSystem.Call (ET.Client.ClientSenderComponent self, ET.IRequest request, System.Boolean needException) [0x0001c]
D:\Workspace\Projects\Course_ET\Unity\Assets\Scripts\Hotfix\Client\Demo\Main\ClientSenderComponentSystem.cs:63 
  ET.ETAsyncTaskMethodBuilder`1[T].Start[TStateMachine] (TStateMachine& stateMachine) [0x00001]
D:\Workspace\Projects\Course_ET\Unity\Assets\Scripts\ThirdParty\ETTask\AsyncETTaskMethodBuilder.cs:144 
  at ET.Client.ClientSenderComponentSystem.Call (ET.Client.ClientSenderComponent self, ET.IRequest request, System.Boolean needException) [0x00000] in <b18857af7d984f7ab3ce375fbe8ed985>:0 
  ET.Client.EnterMapHelper.EnterMapAsync (ET.Scene root) [0x00016]
D:\Workspace\Projects\Course_ET\Unity\Assets\Scripts\Hotfix\Client\Demo\Main\Login\EnterMapHelper.cs:12 
  ET.ETAsyncTaskMethodBuilder.Start[TStateMachine] (TStateMachine& stateMachine) [0x00001]
D:\Workspace\Projects\Course_ET\Unity\Assets\Scripts\ThirdParty\ETTask\AsyncETTaskMethodBuilder.cs:71 
  at ET.Client.EnterMapHelper.EnterMapAsync (ET.Scene root) [0x00000] in <b18857af7d984f7ab3ce375fbe8ed985>:0 
  ET.Client.UILobbyComponentSystem.EnterMap (ET.Client.UILobbyComponent self) [0x00022]
D:\Workspace\Projects\Course_ET\Unity\Assets\Scripts\HotfixView\Client\Demo\UI\UILobby\UILobbyComponentSystem.cs:22 
  ET.ETAsyncTaskMethodBuilder.Start[TStateMachine] (TStateMachine& stateMachine) [0x00001]
D:\Workspace\Projects\Course_ET\Unity\Assets\Scripts\ThirdParty\ETTask\AsyncETTaskMethodBuilder.cs:71 
  at ET.Client.UILobbyComponentSystem.EnterMap (ET.Client.UILobbyComponent self) [0x00000] in <3659cdd88a88468bb2f6d27475faeddb>:0 
  ET.Client.UILobbyComponentSystem+<>c__DisplayClass0_0.<Awake>b__0 () [0x00000]
D:\Workspace\Projects\Course_ET\Unity\Assets\Scripts\HotfixView\Client\Demo\UI\UILobby\UILobbyComponentSystem.cs:16 
  at UnityEngine.Events.InvokableCall.Invoke () [0x00000] in <5879d8d225474494bcffdfe64965038e>:0 
  at UnityEngine.Events.UnityEvent.Invoke () [0x00000] in <5879d8d225474494bcffdfe64965038e>:0 
  UnityEngine.UI.Button.Press () [0x00027]
.\Library\PackageCache\com.unity.ugui@1.0.0\Runtime\UI\Core\Button.cs:70 
  UnityEngine.UI.Button.OnPointerClick (UnityEngine.EventSystems.PointerEventData eventData) [0x00010]
.\Library\PackageCache\com.unity.ugui@1.0.0\Runtime\UI\Core\Button.cs:114 
  UnityEngine.EventSystems.ExecuteEvents.Execute (UnityEngine.EventSystems.IPointerClickHandler handler, UnityEngine.EventSystems.BaseEventData eventData) [0x00001]
.\Library\PackageCache\com.unity.ugui@1.0.0\Runtime\EventSystem\ExecuteEvents.cs:57 
  UnityEngine.EventSystems.ExecuteEvents.Execute[T] (UnityEngine.GameObject target, UnityEngine.EventSystems.BaseEventData eventData, UnityEngine.EventSystems.ExecuteEvents+EventFunction`1[T1] functor) [0x0006f]
.\Library\PackageCache\com.unity.ugui@1.0.0\Runtime\EventSystem\ExecuteEvents.cs:272 
  UnityEngine.EventSystems.StandaloneInputModule.ReleaseMouse (UnityEngine.EventSystems.PointerEventData pointerEvent, UnityEngine.GameObject currentOverGo) [0x00036]
.\Library\PackageCache\com.unity.ugui@1.0.0\Runtime\EventSystem\InputModules\StandaloneInputModule.cs:192 
  UnityEngine.EventSystems.StandaloneInputModule.ProcessMousePress (UnityEngine.EventSystems.PointerInputModule+MouseButtonEventData data) [0x0018f]
.\Library\PackageCache\com.unity.ugui@1.0.0\Runtime\EventSystem\InputModules\StandaloneInputModule.cs:654 
  UnityEngine.EventSystems.StandaloneInputModule.ProcessMouseEvent (System.Int32 id) [0x0002f]
.\Library\PackageCache\com.unity.ugui@1.0.0\Runtime\EventSystem\InputModules\StandaloneInputModule.cs:554 
  UnityEngine.EventSystems.StandaloneInputModule.ProcessMouseEvent () [0x00001]
.\Library\PackageCache\com.unity.ugui@1.0.0\Runtime\EventSystem\InputModules\StandaloneInputModule.cs:534 
  UnityEngine.EventSystems.StandaloneInputModule.Process () [0x0003e]
.\Library\PackageCache\com.unity.ugui@1.0.0\Runtime\EventSystem\InputModules\StandaloneInputModule.cs:282 
  UnityEngine.EventSystems.EventSystem.Update () [0x000f6]
.\Library\PackageCache\com.unity.ugui@1.0.0\Runtime\EventSystem\EventSystem.cs:530 
UnityEngine.Debug:LogError (object)
ET.UnityLogger:Error (string) (at Assets/Scripts/Loader/UnityLogger.cs:33)
ET.Log:Error (string) (at Assets/Scripts/Core/World/Module/Log/Log.cs:71)
ET.MessageQueue:Send (ET.Address,ET.ActorId,ET.MessageObject) (at Assets/Scripts/Core/World/Module/Actor/MessageQueue.cs:36)
ET.ProcessInnerSenderSystem:SendInner (ET.ProcessInnerSender,ET.ActorId,ET.MessageObject) (at Assets/Scripts/Core/Fiber/Module/Actor/ProcessInnerSenderSystem.cs:109)
ET.ProcessInnerSenderSystem/<Call>d__10:MoveNext () (at Assets/Scripts/Core/Fiber/Module/Actor/ProcessInnerSenderSystem.cs:141)
ET.ETAsyncTaskMethodBuilder`1<ET.IResponse>:Start<ET.ProcessInnerSenderSystem/<Call>d__10> (ET.ProcessInnerSenderSystem/<Call>d__10&) (at Assets/Scripts/ThirdParty/ETTask/AsyncETTaskMethodBuilder.cs:144)
ET.ProcessInnerSenderSystem:Call (ET.ProcessInnerSender,ET.ActorId,ET.IRequest,bool)
ET.Client.ClientSenderComponentSystem/<Call>d__6:MoveNext () (at Assets/Scripts/Hotfix/Client/Demo/Main/ClientSenderComponentSystem.cs:63)
ET.ETAsyncTaskMethodBuilder`1<ET.IResponse>:Start<ET.Client.ClientSenderComponentSystem/<Call>d__6> (ET.Client.ClientSenderComponentSystem/<Call>d__6&) (at Assets/Scripts/ThirdParty/ETTask/AsyncETTaskMethodBuilder.cs:144)
ET.Client.ClientSenderComponentSystem:Call (ET.Client.ClientSenderComponent,ET.IRequest,bool)
ET.Client.EnterMapHelper/<EnterMapAsync>d__0:MoveNext () (at Assets/Scripts/Hotfix/Client/Demo/Main/Login/EnterMapHelper.cs:12)
ET.ETAsyncTaskMethodBuilder:Start<ET.Client.EnterMapHelper/<EnterMapAsync>d__0> (ET.Client.EnterMapHelper/<EnterMapAsync>d__0&) (at Assets/Scripts/ThirdParty/ETTask/AsyncETTaskMethodBuilder.cs:71)
ET.Client.EnterMapHelper:EnterMapAsync (ET.Scene)
ET.Client.UILobbyComponentSystem/<EnterMap>d__1:MoveNext () (at Assets/Scripts/HotfixView/Client/Demo/UI/UILobby/UILobbyComponentSystem.cs:22)
ET.ETAsyncTaskMethodBuilder:Start<ET.Client.UILobbyComponentSystem/<EnterMap>d__1> (ET.Client.UILobbyComponentSystem/<EnterMap>d__1&) (at Assets/Scripts/ThirdParty/ETTask/AsyncETTaskMethodBuilder.cs:71)
ET.Client.UILobbyComponentSystem:EnterMap (ET.Client.UILobbyComponent)
ET.Client.UILobbyComponentSystem/<>c__DisplayClass0_0:<Awake>b__0 () (at Assets/Scripts/HotfixView/Client/Demo/UI/UILobby/UILobbyComponentSystem.cs:16)
UnityEngine.EventSystems.EventSystem:Update () (at ./Library/PackageCache/com.unity.ugui@1.0.0/Runtime/EventSystem/EventSystem.cs:530)
