Send:  10000001, A2NetClient_Response
  ET.MessageQueue.Send (ET.Address fromAddress, ET.ActorId actorId, ET.MessageObject messageObject) [0x00025]
D:\Workspace\Projects\Course_ET\Unity\Assets\Scripts\Core\World\Module\Actor\MessageQueue.cs:36 
  ET.ProcessInnerSenderSystem.SendInner (ET.ProcessInnerSender self, ET.ActorId actorId, ET.MessageObject message) [0x00046]
D:\Workspace\Projects\Course_ET\Unity\Assets\Scripts\Core\Fiber\Module\Actor\ProcessInnerSenderSystem.cs:109 
  ET.ProcessInnerSenderSystem.Reply (ET.ProcessInnerSender self, ET.Address fromAddress, ET.IResponse message) [0x00001]
D:\Workspace\Projects\Course_ET\Unity\Assets\Scripts\Core\Fiber\Module\Actor\ProcessInnerSenderSystem.cs:91 
  ET.MessageHandler`3[E,Request,Response].Handle (ET.Entity entity, ET.Address fromAddress, ET.MessageObject actorMessage) [0x001fb]
D:\Workspace\Projects\Course_ET\Unity\Assets\Scripts\Hotfix\Share\Module\Actor\MessageHandler.cs:81 
  ET.StateMachineWrap`1[T].Run () [0x00001]
D:\Workspace\Projects\Course_ET\Unity\Assets\Scripts\ThirdParty\ETTask\StateMachineWrap.cs:56 
  ET.ETTask.SetResult () [0x00034]
D:\Workspace\Projects\Course_ET\Unity\Assets\Scripts\ThirdParty\ETTask\ETTask.cs:145 
  ET.ETAsyncTaskMethodBuilder.SetResult () [0x00023]
D:\Workspace\Projects\Course_ET\Unity\Assets\Scripts\ThirdParty\ETTask\AsyncETTaskMethodBuilder.cs:47 
  ET.Client.A2NetClient_RequestHandler.Run (ET.Scene root, ET.A2NetClient_Request request, ET.A2NetClient_Response response) [0x000c6]
D:\Workspace\Projects\Course_ET\Unity\Assets\Scripts\Hotfix\Client\Demo\NetClient\A2NetClient_RequestHandler.cs:12 
  ET.StateMachineWrap`1[T].Run () [0x00001]
D:\Workspace\Projects\Course_ET\Unity\Assets\Scripts\ThirdParty\ETTask\StateMachineWrap.cs:56 
  ET.ETTask`1[T].SetResult (T result) [0x0003b]
D:\Workspace\Projects\Course_ET\Unity\Assets\Scripts\ThirdParty\ETTask\ETTask.cs:295 
  ET.ETAsyncTaskMethodBuilder`1[T].SetResult (T ret) [0x00023]
D:\Workspace\Projects\Course_ET\Unity\Assets\Scripts\ThirdParty\ETTask\AsyncETTaskMethodBuilder.cs:120 
  ET.SessionSystem.Call (ET.Session self, ET.IRequest request, System.Int32 time) [0x00129]
D:\Workspace\Projects\Course_ET\Unity\Assets\Scripts\Model\Share\Module\Message\Session.cs:143 
  ET.StateMachineWrap`1[T].Run () [0x00001]
D:\Workspace\Projects\Course_ET\Unity\Assets\Scripts\ThirdParty\ETTask\StateMachineWrap.cs:56 
  ET.ETTask`1[T].SetResult (T result) [0x0003b]
D:\Workspace\Projects\Course_ET\Unity\Assets\Scripts\ThirdParty\ETTask\ETTask.cs:295 
  ET.ETAsyncTaskMethodBuilder`1[T].SetResult (T ret) [0x00023]
D:\Workspace\Projects\Course_ET\Unity\Assets\Scripts\ThirdParty\ETTask\AsyncETTaskMethodBuilder.cs:120 
  ET.RpcInfo.Wait () [0x00087]
D:\Workspace\Projects\Course_ET\Unity\Assets\Scripts\Model\Share\Module\Message\Session.cs:34 
  ET.StateMachineWrap`1[T].Run () [0x00001]
D:\Workspace\Projects\Course_ET\Unity\Assets\Scripts\ThirdParty\ETTask\StateMachineWrap.cs:56 
  ET.ETTask`1[T].SetResult (T result) [0x0003b]
D:\Workspace\Projects\Course_ET\Unity\Assets\Scripts\ThirdParty\ETTask\ETTask.cs:295 
  ET.RpcInfo.SetResult (ET.IResponse response) [0x00000]
D:\Workspace\Projects\Course_ET\Unity\Assets\Scripts\Model\Share\Module\Message\Session.cs:23 
  ET.SessionSystem.OnResponse (ET.Session self, ET.IResponse response) [0x00016]
D:\Workspace\Projects\Course_ET\Unity\Assets\Scripts\Model\Share\Module\Message\Session.cs:75 
  ET.Client.NetComponentOnReadInvoker_NetClient.Handle (ET.NetComponentOnRead args) [0x00035]
D:\Workspace\Projects\Course_ET\Unity\Assets\Scripts\Hotfix\Client\Module\Message\NetComponentOnReadInvoker_NetClient.cs:18 
  ET.EventSystem.Invoke[A] (System.Int64 type, A args) [0x000b4]
D:\Workspace\Projects\Course_ET\Unity\Assets\Scripts\Core\World\Module\EventSystem\EventSystem.cs:171 
  ET.NetComponentSystem.OnRead (ET.NetComponent self, System.Int64 channelId, ET.MemoryBuffer memoryBuffer) [0x0004b]
D:\Workspace\Projects\Course_ET\Unity\Assets\Scripts\Hotfix\Share\Module\Message\NetComponentSystem.cs:80 
  ET.KChannel.OnRead (ET.MemoryBuffer memoryStream) [0x00002]
D:\Workspace\Projects\Course_ET\Unity\Assets\Scripts\Core\Network\KChannel.cs:440 
  ET.KChannel.HandleRecv (System.Byte[] date, System.Int32 offset, System.Int32 length) [0x002ce]
D:\Workspace\Projects\Course_ET\Unity\Assets\Scripts\Core\Network\KChannel.cs:326 
  ET.KService.Recv () [0x00678]
D:\Workspace\Projects\Course_ET\Unity\Assets\Scripts\Core\Network\KService.cs:412 
  ET.KService.Update () [0x00018]
D:\Workspace\Projects\Course_ET\Unity\Assets\Scripts\Core\Network\KService.cs:518 
  ET.NetComponentSystem.Update (ET.NetComponent self) [0x00000]
D:\Workspace\Projects\Course_ET\Unity\Assets\Scripts\Hotfix\Share\Module\Message\NetComponentSystem.cs:30 
  ET.NetComponentSystem+ET_NetComponent_UpdateSystem.Update (ET.NetComponent self) [0x00000]
D:\Workspace\Projects\Course_ET\Unity\Share.SourceGenerator\ET.Generator.ETSystemGenerator\ET.NetComponentSystem.Update.ET_NetComponent.g.cs:10 
  ET.UpdateSystem`1[T].ET.IUpdateSystem.Run (ET.Entity o) [0x00001]
D:\Workspace\Projects\Course_ET\Unity\Assets\Scripts\Core\Entity\IUpdateSystem.cs:19 
  ET.EntitySystem.Update () [0x000b8]
D:\Workspace\Projects\Course_ET\Unity\Assets\Scripts\Core\Fiber\EntitySystem.cs:74 
  ET.Fiber.Update () [0x00002]
D:\Workspace\Projects\Course_ET\Unity\Assets\Scripts\Core\Fiber\Fiber.cs:73 
  ET.MainThreadScheduler.Update () [0x0007a]
D:\Workspace\Projects\Course_ET\Unity\Assets\Scripts\Core\World\Module\Fiber\MainThreadScheduler.cs:52 
  ET.FiberManager.Update () [0x00001]
D:\Workspace\Projects\Course_ET\Unity\Assets\Scripts\Core\World\Module\Fiber\FiberManager.cs:41 
  ET.Init.Update () [0x0000c]
D:\Workspace\Projects\Course_ET\Unity\Assets\Scripts\Loader\MonoBehaviour\Init.cs:47 
UnityEngine.Debug:LogError (object)
ET.UnityLogger:Error (string) (at Assets/Scripts/Loader/UnityLogger.cs:33)
ET.Log:Error (string) (at Assets/Scripts/Core/World/Module/Log/Log.cs:71)
ET.MessageQueue:Send (ET.Address,ET.ActorId,ET.MessageObject) (at Assets/Scripts/Core/World/Module/Actor/MessageQueue.cs:36)
ET.ProcessInnerSenderSystem:SendInner (ET.ProcessInnerSender,ET.ActorId,ET.MessageObject) (at Assets/Scripts/Core/Fiber/Module/Actor/ProcessInnerSenderSystem.cs:109)
ET.ProcessInnerSenderSystem:Reply (ET.ProcessInnerSender,ET.Address,ET.IResponse) (at Assets/Scripts/Core/Fiber/Module/Actor/ProcessInnerSenderSystem.cs:91)
ET.MessageHandler`3/<Handle>d__1<ET.Scene, ET.A2NetClient_Request, ET.A2NetClient_Response>:MoveNext () (at Assets/Scripts/Hotfix/Share/Module/Actor/MessageHandler.cs:81)
ET.StateMachineWrap`1<ET.MessageHandler`3/<Handle>d__1<ET.Scene, ET.A2NetClient_Request, ET.A2NetClient_Response>>:Run () (at Assets/Scripts/ThirdParty/ETTask/StateMachineWrap.cs:56)
ET.ETTask:SetResult () (at Assets/Scripts/ThirdParty/ETTask/ETTask.cs:145)
ET.ETAsyncTaskMethodBuilder:SetResult () (at Assets/Scripts/ThirdParty/ETTask/AsyncETTaskMethodBuilder.cs:47)
ET.Client.A2NetClient_RequestHandler/<Run>d__0:MoveNext () (at Assets/Scripts/Hotfix/Client/Demo/NetClient/A2NetClient_RequestHandler.cs:12)
ET.StateMachineWrap`1<ET.Client.A2NetClient_RequestHandler/<Run>d__0>:Run () (at Assets/Scripts/ThirdParty/ETTask/StateMachineWrap.cs:56)
ET.ETTask`1<ET.IResponse>:SetResult (ET.IResponse) (at Assets/Scripts/ThirdParty/ETTask/ETTask.cs:295)
ET.ETAsyncTaskMethodBuilder`1<ET.IResponse>:SetResult (ET.IResponse) (at Assets/Scripts/ThirdParty/ETTask/AsyncETTaskMethodBuilder.cs:120)
ET.SessionSystem/<Call>d__4:MoveNext () (at Assets/Scripts/Model/Share/Module/Message/Session.cs:143)
ET.StateMachineWrap`1<ET.SessionSystem/<Call>d__4>:Run () (at Assets/Scripts/ThirdParty/ETTask/StateMachineWrap.cs:56)
ET.ETTask`1<ET.IResponse>:SetResult (ET.IResponse) (at Assets/Scripts/ThirdParty/ETTask/ETTask.cs:295)
ET.ETAsyncTaskMethodBuilder`1<ET.IResponse>:SetResult (ET.IResponse) (at Assets/Scripts/ThirdParty/ETTask/AsyncETTaskMethodBuilder.cs:120)
ET.RpcInfo/<Wait>d__7:MoveNext () (at Assets/Scripts/Model/Share/Module/Message/Session.cs:34)
ET.StateMachineWrap`1<ET.RpcInfo/<Wait>d__7>:Run () (at Assets/Scripts/ThirdParty/ETTask/StateMachineWrap.cs:56)
ET.ETTask`1<ET.IResponse>:SetResult (ET.IResponse) (at Assets/Scripts/ThirdParty/ETTask/ETTask.cs:295)
ET.RpcInfo:SetResult (ET.IResponse) (at Assets/Scripts/Model/Share/Module/Message/Session.cs:23)
ET.SessionSystem:OnResponse (ET.Session,ET.IResponse) (at Assets/Scripts/Model/Share/Module/Message/Session.cs:75)
ET.Client.NetComponentOnReadInvoker_NetClient:Handle (ET.NetComponentOnRead) (at Assets/Scripts/Hotfix/Client/Module/Message/NetComponentOnReadInvoker_NetClient.cs:18)
ET.EventSystem:Invoke<ET.NetComponentOnRead> (long,ET.NetComponentOnRead) (at Assets/Scripts/Core/World/Module/EventSystem/EventSystem.cs:171)
ET.NetComponentSystem:OnRead (ET.NetComponent,long,ET.MemoryBuffer) (at Assets/Scripts/Hotfix/Share/Module/Message/NetComponentSystem.cs:80)
ET.KChannel:OnRead (ET.MemoryBuffer) (at Assets/Scripts/Core/Network/KChannel.cs:440)
ET.KChannel:HandleRecv (byte[],int,int) (at Assets/Scripts/Core/Network/KChannel.cs:326)
ET.KService:Recv () (at Assets/Scripts/Core/Network/KService.cs:412)
ET.KService:Update () (at Assets/Scripts/Core/Network/KService.cs:518)
ET.NetComponentSystem:Update (ET.NetComponent) (at Assets/Scripts/Hotfix/Share/Module/Message/NetComponentSystem.cs:30)
ET.NetComponentSystem/ET_NetComponent_UpdateSystem:Update (ET.NetComponent) (at Share.SourceGenerator/ET.Generator.ETSystemGenerator/ET.NetComponentSystem.Update.ET_NetComponent.g.cs:10)
ET.UpdateSystem`1<ET.NetComponent>:ET.IUpdateSystem.Run (ET.Entity) (at Assets/Scripts/Core/Entity/IUpdateSystem.cs:19)
ET.EntitySystem:Update () (at Assets/Scripts/Core/Fiber/EntitySystem.cs:74)
ET.Fiber:Update () (at Assets/Scripts/Core/Fiber/Fiber.cs:73)
ET.MainThreadScheduler:Update () (at Assets/Scripts/Core/World/Module/Fiber/MainThreadScheduler.cs:52)
ET.FiberManager:Update () (at Assets/Scripts/Core/World/Module/Fiber/FiberManager.cs:41)
ET.Init:Update () (at Assets/Scripts/Loader/MonoBehaviour/Init.cs:47)
